2020-06-26 21:22:20,625 INFO Starting Nacos on DESKTOP-L332S7D with PID 10428 (E:\xxxxx\nacos\target\nacos-server.jar started by sqJin in E:\xxxxx\nacos\bin)

2020-06-26 21:22:20,630 INFO The following profiles are active: standalone

2020-06-26 21:22:33,325 INFO Bean 'org.springframework.security.config.annotation.configuration.ObjectPostProcessorConfiguration' of type [org.springframework.security.config.annotation.configuration.ObjectPostProcessorConfiguration$$EnhancerBySpringCGLIB$$3532bab3] is not eligible for getting processed by all BeanPostProcessors (for example: not eligible for auto-proxying)

2020-06-26 21:22:33,963 INFO Bean 'objectPostProcessor' of type [org.springframework.security.config.annotation.configuration.AutowireBeanFactoryObjectPostProcessor] is not eligible for getting processed by all BeanPostProcessors (for example: not eligible for auto-proxying)

2020-06-26 21:22:33,991 INFO Bean 'org.springframework.security.access.expression.method.DefaultMethodSecurityExpressionHandler@a5cabc' of type [org.springframework.security.access.expression.method.DefaultMethodSecurityExpressionHandler] is not eligible for getting processed by all BeanPostProcessors (for example: not eligible for auto-proxying)

2020-06-26 21:22:33,993 INFO Bean 'org.springframework.security.config.annotation.method.configuration.GlobalMethodSecurityConfiguration' of type [org.springframework.security.config.annotation.method.configuration.GlobalMethodSecurityConfiguration$$EnhancerBySpringCGLIB$$5a075d65] is not eligible for getting processed by all BeanPostProcessors (for example: not eligible for auto-proxying)

2020-06-26 21:22:34,034 INFO Bean 'methodSecurityMetadataSource' of type [org.springframework.security.access.method.DelegatingMethodSecurityMetadataSource] is not eligible for getting processed by all BeanPostProcessors (for example: not eligible for auto-proxying)

2020-06-26 21:22:36,324 INFO Tomcat initialized with port(s): 8848 (http)

2020-06-26 21:22:36,478 INFO Starting service [Tomcat]

2020-06-26 21:22:36,478 INFO Starting Servlet Engine: Apache Tomcat/9.0.13

2020-06-26 21:22:36,530 INFO The APR based Apache Tomcat Native library which allows optimal performance in production environments was not found on the java.library.path: [D:\Program Files (x86)\Java\jdk1.8.0_91\bin;C:\WINDOWS\Sun\Java\bin;C:\WINDOWS\system32;C:\WINDOWS;D:\Program Files (x86)\VanDyke Software\Clients\;C:\ProgramData\Oracle\Java\javapath;C:\WINDOWS\system32;C:\WINDOWS;C:\WINDOWS\System32\Wbem;C:\WINDOWS\System32\WindowsPowerShell\v1.0\;D:\Program Files (x86)\Java\jdk1.8.0_91\bin;D:\Program Files (x86)\apache-maven-3.3.9\bin;C:\WINDOWS\System32\OpenSSH\;C:\Program Files\nodejs\;C:\Program Files\Git\cmd;C:\Program Files\TortoiseGit\bin;C:\Program Files\MySQL\MySQL Shell 8.0\bin\;.]

2020-06-26 21:22:37,245 INFO Initializing Spring embedded WebApplicationContext

2020-06-26 21:22:37,246 INFO Root WebApplicationContext: initialization completed in 16257 ms

2020-06-26 21:22:38,474 INFO Use Mysql 8 as the driver

2020-06-26 21:22:38,577 INFO HikariPool-1 - Starting...

2020-06-26 21:22:38,838 INFO HikariPool-1 - Start completed.

2020-06-26 21:22:40,362 INFO Nacos-related cluster resource initialization

2020-06-26 21:22:40,387 INFO The cluster resource is initialized

2020-06-26 21:22:41,869 INFO Reflections took 281 ms to scan 1 urls, producing 6 keys and 24 values 

2020-06-26 21:22:42,027 INFO Reflections took 12 ms to scan 1 urls, producing 2 keys and 12 values 

2020-06-26 21:22:42,055 INFO Reflections took 7 ms to scan 1 urls, producing 3 keys and 15 values 

2020-06-26 21:22:45,337 INFO Initializing ExecutorService 'applicationTaskExecutor'

2020-06-26 21:22:45,677 INFO Adding welcome page: class path resource [static/index.html]

2020-06-26 21:22:47,666 INFO Creating filter chain: Ant [pattern='/**'], []

2020-06-26 21:22:47,963 INFO Creating filter chain: any request, [org.springframework.security.web.context.request.async.WebAsyncManagerIntegrationFilter@f2e97e, org.springframework.security.web.context.SecurityContextPersistenceFilter@d11153, org.springframework.security.web.header.HeaderWriterFilter@1812421, org.springframework.security.web.csrf.CsrfFilter@fcc529, org.springframework.security.web.authentication.logout.LogoutFilter@1120f99, org.springframework.security.web.savedrequest.RequestCacheAwareFilter@49ec46, org.springframework.security.web.servletapi.SecurityContextHolderAwareRequestFilter@52f555, org.springframework.security.web.authentication.AnonymousAuthenticationFilter@19dfe55, org.springframework.security.web.session.SessionManagementFilter@82c44a, org.springframework.security.web.access.ExceptionTranslationFilter@1eddc56]

2020-06-26 21:22:48,627 INFO Exposing 2 endpoint(s) beneath base path '/actuator'

2020-06-26 21:22:48,690 INFO Initializing ExecutorService 'taskScheduler'

2020-06-26 21:22:49,120 INFO Tomcat started on port(s): 8848 (http) with context path '/nacos'

2020-06-26 21:22:49,139 INFO Started Nacos in 32.984 seconds (JVM running for 34.619)

2020-06-26 21:22:49,139 INFO Nacos Log files: E:\xxxxx\nacos\logs

2020-06-26 21:22:49,142 INFO Nacos Log files: E:\xxxxx\nacos\conf

2020-06-26 21:22:49,142 INFO Nacos Log files: E:\xxxxx\nacos\data

2020-06-26 21:22:49,142 INFO Nacos started successfully in stand alone mode. use external storage

2020-06-26 21:22:55,765 INFO Initializing Spring DispatcherServlet 'dispatcherServlet'

2020-06-26 21:22:55,766 INFO Initializing Servlet 'dispatcherServlet'

2020-06-26 21:22:55,780 INFO Completed initialization in 14 ms

