2020-06-26 13:07:48,624 INFO PERFORMANCE:|0|0|-1|-1

2020-06-26 13:12:48,631 INFO PERFORMANCE:|0|0|-1|-1

2020-06-26 13:17:48,637 INFO PERFORMANCE:|0|0|-1|-1

2020-06-26 13:22:48,646 INFO PERFORMANCE:|0|0|-1|-1

2020-06-26 13:27:48,662 INFO PERFORMANCE:|0|0|-1|-1

2020-06-26 13:32:48,674 INFO PERFORMANCE:|0|0|-1|-1

2020-06-26 13:37:48,689 INFO PERFORMANCE:|0|0|-1|-1

2020-06-26 13:42:48,703 INFO PERFORMANCE:|0|0|-1|-1

2020-06-26 13:47:48,706 INFO PERFORMANCE:|0|0|-1|-1

2020-06-26 13:52:48,707 INFO PERFORMANCE:|0|0|-1|-1

2020-06-26 13:57:48,721 INFO PERFORMANCE:|0|0|-1|-1

2020-06-26 14:02:48,735 INFO PERFORMANCE:|0|0|-1|-1

2020-06-26 14:07:48,749 INFO PERFORMANCE:|0|0|-1|-1

2020-06-26 14:12:48,764 INFO PERFORMANCE:|0|0|-1|-1

2020-06-26 14:17:48,774 INFO PERFORMANCE:|0|0|-1|-1

2020-06-26 14:22:48,775 INFO PERFORMANCE:|0|0|-1|-1

2020-06-26 14:27:48,781 INFO PERFORMANCE:|0|0|-1|-1

2020-06-26 14:32:48,797 INFO PERFORMANCE:|0|0|-1|-1

2020-06-26 14:37:48,812 INFO PERFORMANCE:|0|0|-1|-1

2020-06-26 14:42:48,827 INFO PERFORMANCE:|0|0|-1|-1

2020-06-26 14:47:48,832 INFO PERFORMANCE:|0|0|-1|-1

2020-06-26 14:52:48,833 INFO PERFORMANCE:|0|0|-1|-1

2020-06-26 14:57:48,840 INFO PERFORMANCE:|0|0|-1|-1

2020-06-26 15:02:48,842 INFO PERFORMANCE:|0|0|-1|-1

2020-06-26 15:07:48,856 INFO PERFORMANCE:|0|0|-1|-1

2020-06-26 15:12:48,860 INFO PERFORMANCE:|0|0|-1|-1

2020-06-26 15:17:48,868 INFO PERFORMANCE:|0|0|-1|-1

2020-06-26 15:22:48,881 INFO PERFORMANCE:|0|0|-1|-1

2020-06-26 15:27:48,890 INFO PERFORMANCE:|0|0|-1|-1

2020-06-26 15:32:48,898 INFO PERFORMANCE:|0|0|-1|-1

2020-06-26 15:37:48,907 INFO PERFORMANCE:|0|0|-1|-1

2020-06-26 15:42:48,918 INFO PERFORMANCE:|0|0|-1|-1

2020-06-26 15:47:48,924 INFO PERFORMANCE:|0|0|-1|-1

2020-06-26 15:52:48,935 INFO PERFORMANCE:|0|0|-1|-1

2020-06-26 15:57:48,943 INFO PERFORMANCE:|0|0|-1|-1

2020-06-26 16:02:48,949 INFO PERFORMANCE:|0|0|-1|-1

2020-06-26 16:07:48,955 INFO PERFORMANCE:|0|0|-1|-1

2020-06-26 16:12:48,967 INFO PERFORMANCE:|0|0|-1|-1

2020-06-26 16:17:48,973 INFO PERFORMANCE:|0|0|-1|-1

2020-06-26 16:22:48,981 INFO PERFORMANCE:|0|0|-1|-1

2020-06-26 16:27:48,989 INFO PERFORMANCE:|0|0|-1|-1

2020-06-26 16:32:48,998 INFO PERFORMANCE:|0|0|-1|-1

2020-06-26 16:37:49,004 INFO PERFORMANCE:|0|0|-1|-1

2020-06-26 16:42:49,017 INFO PERFORMANCE:|0|0|-1|-1

2020-06-26 16:47:49,028 INFO PERFORMANCE:|0|0|-1|-1

2020-06-26 16:52:49,039 INFO PERFORMANCE:|0|0|-1|-1

2020-06-26 16:57:49,047 INFO PERFORMANCE:|0|0|-1|-1

2020-06-26 17:02:49,058 INFO PERFORMANCE:|0|0|-1|-1

2020-06-26 17:07:49,071 INFO PERFORMANCE:|0|0|-1|-1

2020-06-26 17:12:49,080 INFO PERFORMANCE:|0|0|-1|-1

2020-06-26 17:17:49,088 INFO PERFORMANCE:|0|0|-1|-1

2020-06-26 17:22:49,097 INFO PERFORMANCE:|0|0|-1|-1

2020-06-26 17:27:49,107 INFO PERFORMANCE:|0|0|-1|-1

2020-06-26 17:32:49,119 INFO PERFORMANCE:|0|0|-1|-1

2020-06-26 17:37:49,127 INFO PERFORMANCE:|0|0|-1|-1

2020-06-26 17:42:49,133 INFO PERFORMANCE:|0|0|-1|-1

2020-06-26 17:47:49,141 INFO PERFORMANCE:|0|0|-1|-1

2020-06-26 17:52:49,149 INFO PERFORMANCE:|0|0|-1|-1

2020-06-26 17:57:49,161 INFO PERFORMANCE:|0|0|-1|-1

2020-06-26 18:02:49,165 INFO PERFORMANCE:|0|0|-1|-1

2020-06-26 18:07:49,178 INFO PERFORMANCE:|0|0|-1|-1

2020-06-26 18:12:49,189 INFO PERFORMANCE:|0|0|-1|-1

2020-06-26 18:17:49,200 INFO PERFORMANCE:|0|0|-1|-1

2020-06-26 18:22:49,207 INFO PERFORMANCE:|0|0|-1|-1

2020-06-26 18:27:49,217 INFO PERFORMANCE:|0|0|-1|-1

2020-06-26 18:32:49,222 INFO PERFORMANCE:|0|0|-1|-1

2020-06-26 18:37:49,229 INFO PERFORMANCE:|0|0|-1|-1

2020-06-26 18:42:49,243 INFO PERFORMANCE:|0|0|-1|-1

2020-06-26 18:47:49,249 INFO PERFORMANCE:|0|0|-1|-1

2020-06-26 18:52:49,262 INFO PERFORMANCE:|0|0|-1|-1

2020-06-26 18:57:49,274 INFO PERFORMANCE:|0|0|-1|-1

2020-06-26 19:02:49,282 INFO PERFORMANCE:|0|0|-1|-1

2020-06-26 19:07:49,291 INFO PERFORMANCE:|0|0|-1|-1

2020-06-26 19:12:49,304 INFO PERFORMANCE:|0|0|-1|-1

2020-06-26 19:17:49,319 INFO PERFORMANCE:|0|0|-1|-1

2020-06-26 19:22:49,333 INFO PERFORMANCE:|0|0|-1|-1

2020-06-26 19:27:49,333 INFO PERFORMANCE:|0|0|-1|-1

2020-06-26 19:32:49,348 INFO PERFORMANCE:|0|0|-1|-1

2020-06-26 19:37:49,364 INFO PERFORMANCE:|0|0|-1|-1

2020-06-26 19:42:49,379 INFO PERFORMANCE:|0|0|-1|-1

2020-06-26 19:47:49,380 INFO PERFORMANCE:|0|0|-1|-1

2020-06-26 19:52:49,380 INFO PERFORMANCE:|0|0|-1|-1

2020-06-26 19:57:49,395 INFO PERFORMANCE:|1|1|-1|-1

2020-06-26 20:02:49,403 INFO PERFORMANCE:|1|1|3|3

2020-06-26 20:07:49,404 INFO PERFORMANCE:|1|1|-1|-1

2020-06-26 20:12:49,415 INFO PERFORMANCE:|1|1|-1|-1

2020-06-26 20:17:49,416 INFO PERFORMANCE:|2|2|-1|-1

2020-06-26 20:22:49,416 INFO PERFORMANCE:|2|2|-1|-1

2020-06-26 20:27:49,423 INFO PERFORMANCE:|2|2|-1|-1

2020-06-26 20:32:49,424 INFO PERFORMANCE:|2|2|-1|-1

2020-06-26 20:37:49,425 INFO PERFORMANCE:|3|3|-1|-1

2020-06-26 20:42:49,433 INFO PERFORMANCE:|4|4|-1|-1

2020-06-26 20:47:49,433 INFO PERFORMANCE:|4|4|-1|-1

2020-06-26 20:52:49,447 INFO PERFORMANCE:|0|0|-1|-1

2020-06-26 20:57:49,462 INFO PERFORMANCE:|0|0|-1|-1

2020-06-26 21:02:49,476 INFO PERFORMANCE:|0|0|-1|-1

